<?xml version="1.0" encoding="UTF-8"?>
<!-- Generated by org.testng.reporters.JUnitReportReporter -->
<testsuite hostname="DESKTOP-9CVJATO" failures="0" tests="2" name="com.selenium_learning.seleniumtest.Controller" time="18.568" errors="0" timestamp="2023-12-16T08:51:10 EST" skipped="0">
  <testcase classname="com.selenium_learning.seleniumtest.Controller" name="loginAndVerify" time="13.243"/>
  <system-out/>
  <testcase classname="com.selenium_learning.seleniumtest.Controller" name="loginAndVerify" time="5.325"/>
  <system-out/>
</testsuite> <!-- com.selenium_learning.seleniumtest.Controller -->
